50 nan 78.65
10 0.00 39.05
20 0.00 58.65
30 0.00 63.72
40 0.00 70.20
100 22.79 88.91
200 25.84 94.73
300 27.87 95.49
400 26.11 95.13
500 23.08 94.33
600 20.37 93.98
700 19.41 94.35
600 29.18 93.98
600 41.53 93.98
600 51.86 93.98
600 0.78 93.98
600 0.92 93.98
600 53.51 93.98
600 53.71 93.98
100 47.13 88.57
200 54.11 94.60
300 56.71 95.35
400 54.40 95.11
500 54.73 94.30
600 53.00 93.89
700 52.10 94.64
100 45.24 88.19
200 52.31 94.61
300 53.87 95.22
400 53.45 94.57
500 53.08 93.84
600 51.97 93.59
700 50.54 94.06
800 51.14 94.71
900 50.76 94.20
100 31.79 88.57
200 35.99 94.60
300 38.26 95.35
400 36.55 95.11
100 43.27 87.85
200 50.92 94.25
300 54.76 95.36
400 53.52 95.08
500 52.96 94.64
600 50.27 94.57
700 51.71 93.99
800 49.02 94.22
900 49.38 94.59
1000 49.46 94.87
1100 49.03 94.48
1200 49.46 95.06
1300 51.25 95.35
1400 49.00 94.77
1500 45.51 94.62
1600 47.53 95.36
1700 48.28 95.37
1800 48.62 95.39
1900 48.27 95.56
2000 48.08 95.56
2100 47.87 95.58
2200 48.46 95.60
2300 48.88 95.65
2400 49.49 95.60
2500 50.28 96.09
2600 44.93 91.54
2700 48.89 95.65
2800 48.52 95.62
2900 47.97 95.31
3000 48.00 95.31
3100 48.24 95.35
3200 49.46 95.57
3300 48.49 95.25
3400 49.25 95.67
3500 48.51 95.49
3600 49.31 95.64
3700 48.86 95.65
3800 48.45 95.52
3900 48.99 95.57
4000 46.99 94.62
4100 46.74 95.33
4200 48.57 95.63
4300 48.55 95.37
4400 48.34 95.63
4500 48.12 95.42
4600 48.87 95.58
4700 48.80 95.54
4800 47.90 95.56
4900 49.01 95.65
5000 49.03 95.67
5100 47.78 95.55
5200 47.64 95.55
5300 48.90 95.83
5400 49.22 95.44
5500 46.56 95.39
5600 47.10 95.34
5700 46.73 95.40
5800 48.19 95.65
5900 48.94 95.88
6000 47.22 95.34
6100 47.04 95.32
6200 47.99 95.56
6300 46.71 95.30
6400 46.52 95.28
6500 49.06 95.84
6600 47.47 95.67
6700 46.54 95.73
6800 49.08 95.84
6900 46.64 95.24
7000 46.92 95.29
7100 46.46 95.45
7200 47.61 95.86
7300 47.62 95.62
100 43.27 87.85
200 50.92 94.25
300 54.76 95.36
400 53.52 95.08
100 43.38 88.40
100 44.00 88.53
200 49.19 94.11
300 48.56 95.51
400 50.86 96.22
500 50.00 96.18
600 50.89 96.56
700 49.71 96.35
800 50.44 96.62
900 50.06 96.61
1000 50.16 96.61
1100 51.29 96.57
1200 50.72 96.83
1300 49.09 96.76
100 42.37 88.32
200 49.77 94.67
300 50.01 96.14
400 49.13 96.45
500 49.68 96.64
600 51.55 96.94
700 49.69 96.74
100 0.00 87.89
200 51.15 94.29
300 54.40 95.37
400 53.44 94.98
500 52.95 94.69
600 51.90 95.04
700 47.87 93.06
100 0.00 31.23
200 0.00 84.82
300 44.82 88.20
100 45.05 85.69
200 51.54 94.53
300 53.88 94.90
400 52.73 95.07
500 53.86 95.50
600 50.95 94.45
700 49.95 94.59
800 49.04 94.21
900 48.95 95.06
1000 47.77 94.80
1100 47.84 94.94
1200 47.44 95.08
1300 48.73 94.47
1400 48.63 95.11
1500 48.49 95.48
1600 48.87 95.29
1700 48.34 95.45
1800 49.05 95.79
1900 50.66 95.73
2000 47.49 94.89
2100 48.31 95.53
2200 48.30 95.82
2300 50.01 95.82
2400 47.58 95.53
2500 48.52 95.30
2600 49.54 95.41
2700 49.31 95.86
2800 49.22 93.37
2900 48.61 94.18
3000 46.89 94.91
3100 47.69 95.05
3200 47.76 95.19
3300 47.93 95.22
3400 48.42 95.40
3500 48.37 95.48
3600 48.20 95.34
3700 48.25 95.38
3800 48.52 95.52
3900 48.64 95.41
4000 49.16 95.40
4100 49.46 95.47
4200 48.63 95.23
4300 48.90 95.47
4400 48.21 95.24
4500 48.28 95.61
4600 48.41 95.29
4700 48.35 95.17
4800 47.87 95.11
4900 47.97 95.13
5000 48.82 95.11
5100 48.95 95.01
5200 48.72 95.02
5300 49.70 95.39
5400 48.28 95.19
5500 47.67 94.83
5600 48.02 94.86
5700 47.56 94.77
5800 49.54 95.70
5900 48.05 95.19
6000 46.07 94.96
6100 47.58 95.28
6200 49.20 95.49
6300 47.95 94.91
6400 47.83 95.25
6500 47.38 95.04
6600 47.36 95.25
6700 47.59 95.16
6800 45.08 94.46
6900 46.27 94.99
7000 48.37 94.86
7100 48.02 95.14
7200 48.75 95.19
7300 47.69 95.00
7400 48.17 95.28
7500 47.88 95.03
7600 45.36 94.92
7700 47.84 95.33
7800 48.25 95.44
7900 47.02 94.88
100 44.97 88.57
200 52.57 94.60
300 53.77 95.35
400 53.87 95.11
500 53.73 94.30
600 51.59 93.89
700 51.23 94.64
800 49.44 94.26
900 48.89 94.30
1000 49.27 94.32
1100 48.82 94.45
1200 48.38 94.26
1300 49.57 95.09
1400 49.96 95.14
1500 50.70 95.08
1600 46.60 92.51
1700 48.88 95.21
1800 48.16 94.94
1900 48.64 94.96
2000 48.20 94.76
2100 49.60 95.11
2200 47.96 94.74
2300 48.98 94.79
2400 48.76 94.83
2500 48.94 95.21
2600 48.01 94.94
2700 49.04 95.21
2800 48.98 94.69
2900 49.83 95.06
3000 48.05 94.83
3100 48.31 94.61
3200 46.89 93.97
3300 49.16 95.15
3400 48.98 94.70
3500 48.65 94.99
3600 48.42 95.18
3700 48.52 95.04
3800 48.54 94.70
3900 49.35 95.25
4000 50.01 95.39
4100 48.50 95.02
4200 48.60 95.19
4300 49.62 95.15
4400 48.78 94.98
4500 48.00 94.94
4600 47.02 94.19
4700 47.63 94.77
4800 49.39 94.93
4900 49.26 95.02
5000 49.66 95.18
5100 47.01 94.36
5200 49.39 95.13
5300 48.58 95.03
5400 49.07 95.24
5500 48.27 95.05
5600 49.13 94.92
5700 48.37 94.88
5800 49.12 95.30
5900 49.58 94.99
6000 48.16 94.93
6100 48.47 94.92
6200 48.02 94.85
6300 49.35 95.08
6400 47.82 94.92
6500 48.39 95.17
6600 48.92 95.01
6700 48.96 94.66
6800 48.38 94.85
6900 49.23 95.07
7000 48.57 94.76
7100 49.25 95.11
7200 47.91 95.16
7300 49.38 95.27
7400 48.44 95.30
7500 47.57 95.04
7600 49.03 95.23
7700 48.95 94.99
7800 48.93 94.64
7900 47.79 94.72
100 43.27 87.85
200 50.92 94.25
300 54.76 95.36
400 53.52 95.08
500 52.96 94.64
600 50.27 94.57
700 51.71 93.99
800 49.02 94.22
900 49.38 94.59
1000 49.46 94.87
1100 49.03 94.48
1200 49.46 95.06
1300 51.25 95.35
1400 49.00 94.77
1500 45.51 94.62
1600 47.53 95.36
1700 48.28 95.37
1800 48.62 95.39
1900 48.27 95.56
2000 48.08 95.56
2100 47.87 95.58
2200 48.46 95.60
2300 48.88 95.65
2400 49.49 95.60
2500 50.28 96.09
2600 44.93 91.54
2700 48.89 95.65
2800 48.52 95.62
2900 47.97 95.31
3000 48.00 95.31
3100 48.24 95.35
3200 49.46 95.57
3300 48.49 95.25
3400 49.25 95.67
3500 48.51 95.49
3600 49.31 95.64
3700 48.86 95.65
3800 48.45 95.52
3900 48.99 95.57
4000 46.99 94.62
4100 46.74 95.33
4200 48.57 95.63
4300 48.55 95.37
4400 48.34 95.63
4500 48.12 95.42
4600 48.87 95.58
4700 48.80 95.54
4800 47.90 95.56
4900 49.01 95.65
5000 49.03 95.67
5100 47.78 95.55
5200 47.64 95.55
5300 48.90 95.83
5400 49.22 95.44
5500 46.56 95.39
5600 47.10 95.34
5700 46.73 95.40
5800 48.19 95.65
5900 48.94 95.88
6000 47.22 95.34
6100 47.04 95.32
6200 47.99 95.56
6300 46.71 95.30
6400 46.52 95.28
6500 49.06 95.84
6600 47.47 95.67
6700 46.54 95.73
6800 49.08 95.84
6900 46.64 95.24
7000 46.92 95.29
7100 46.46 95.45
7200 47.61 95.86
7300 47.62 95.62
7400 47.92 95.67
7500 47.60 95.58
7600 47.46 95.43
7700 47.05 95.41
7800 47.85 95.68
7900 47.35 95.43
100 45.77 89.13
200 50.76 93.68
300 53.26 95.04
400 55.05 95.68
500 54.82 95.78
600 55.30 95.88
700 54.21 94.82
800 53.75 95.51
900 51.46 94.76
1000 49.82 94.76
1100 50.52 94.27
1200 50.18 95.43
1300 50.44 95.18
1400 49.86 95.47
1500 50.29 94.74
1600 49.08 93.82
1700 50.95 95.64
1800 51.48 96.20
1900 49.80 95.67
2000 49.36 95.69
2100 49.95 94.29
2200 50.23 95.51
2300 50.48 95.74
2400 50.81 95.94
2500 49.56 95.34
2600 50.20 94.11
2700 49.35 94.21
2800 50.26 94.90
2900 51.10 95.63
3000 50.33 95.49
3100 49.91 95.71
3200 48.91 95.70
3300 49.90 95.80
3400 48.63 95.18
3500 49.59 95.22
3600 47.86 94.40
3700 49.51 95.62
3800 50.80 95.40
3900 50.37 94.48
4000 50.94 95.13
4100 49.39 94.92
4200 48.38 93.69
4300 49.89 94.97
4400 49.03 94.81
4500 48.13 94.58
4600 48.00 93.66
4700 48.50 94.24
4800 48.43 94.91
4900 48.38 94.69
5000 49.15 94.36
5100 49.34 94.58
5200 48.21 95.06
5300 47.11 94.23
5400 47.98 94.75
5500 46.97 94.48
5600 47.61 94.52
5700 47.94 94.74
5800 49.41 95.13
5900 48.60 95.11
6000 48.00 95.05
6100 47.88 95.21
6200 50.24 95.48
6300 48.70 95.39
6400 48.97 95.19
6500 49.43 94.81
6600 49.10 95.67
6700 49.39 95.54
6800 48.07 94.95
6900 47.91 94.81
7000 47.77 94.65
7100 49.16 95.46
7200 49.22 94.94
7300 47.37 94.32
7400 48.68 95.31
7500 48.22 94.85
7600 48.64 95.23
7700 47.57 94.93
7800 50.93 95.06
7900 50.04 95.40
100 44.97 88.57
200 52.57 94.60
300 53.77 95.35
400 53.87 95.11
500 53.73 94.30
600 51.59 93.89
700 51.23 94.64
800 49.44 94.26
900 48.89 94.30
1000 49.27 94.32
1100 48.82 94.45
1200 48.38 94.26
1300 49.57 95.09
1400 49.96 95.14
1500 50.70 95.08
1600 46.60 92.51
1700 48.88 95.21
1800 48.16 94.94
1900 48.64 94.96
2000 48.20 94.76
2100 49.60 95.11
2200 47.96 94.74
2300 48.98 94.79
2400 48.76 94.83
2500 48.94 95.21
2600 48.01 94.94
2700 49.04 95.21
2800 48.98 94.69
2900 49.83 95.06
3000 48.05 94.83
3100 48.31 94.61
3200 46.89 93.97
3300 49.16 95.15
3400 48.98 94.70
3500 48.65 94.99
3600 48.42 95.18
3700 48.52 95.04
3800 48.54 94.70
3900 49.35 95.25
4000 50.01 95.39
4100 48.50 95.02
4200 48.60 95.19
4300 49.62 95.15
4400 48.78 94.98
4500 48.00 94.94
4600 47.02 94.19
4700 47.63 94.77
4800 49.39 94.93
4900 49.26 95.02
5000 49.66 95.18
5100 47.01 94.36
5200 49.39 95.13
5300 48.58 95.03
5400 49.07 95.24
5500 48.27 95.05
5600 49.13 94.92
5700 48.37 94.88
5800 49.12 95.30
5900 49.58 94.99
6000 48.16 94.93
6100 48.47 94.92
6200 48.02 94.85
6300 49.35 95.08
6400 47.82 94.92
6500 48.39 95.17
6600 48.92 95.01
6700 48.96 94.66
6800 48.38 94.85
6900 49.23 95.07
7000 48.57 94.76
7100 49.25 95.11
7200 47.91 95.16
7300 49.38 95.27
7400 48.44 95.30
7500 47.57 95.04
7600 49.03 95.23
7700 48.95 94.99
7800 48.93 94.64
7900 47.79 94.72
100 45.77 88.78
200 52.20 94.63
300 53.70 95.32
400 53.41 95.02
500 54.39 94.30
600 51.53 93.82
700 51.31 94.14
800 50.29 94.34
900 49.04 93.34
1000 52.12 94.94
1100 51.38 94.60
1200 50.48 95.05
1300 49.79 94.94
1400 52.01 94.76
1500 50.90 95.33
1600 51.86 94.67
1700 50.87 95.23
1800 51.74 94.80
1900 51.24 95.03
2000 49.28 94.36
2100 50.04 95.14
2200 50.90 95.64
2300 49.98 95.26
2400 50.91 95.09
2500 51.26 94.81
2600 50.71 95.06
2700 52.04 95.73
2800 50.10 95.06
2900 50.16 94.75
3000 50.97 95.29
3100 51.93 95.53
3200 51.57 95.21
3300 50.75 94.78
3400 51.50 95.19
3500 51.86 95.09
3600 49.64 94.82
3700 49.20 95.08
3800 51.51 95.06
3900 52.42 95.20
3800 51.51 95.06
3800 42.15 95.06
3800 54.17 95.06
3800 51.64 95.06
3800 49.41 95.06
3800 43.67 95.06
3800 48.09 95.06
3800 54.41 95.06
3800 52.30 95.06
7800 52.14 94.64
7800 52.14 94.64
7800 53.40 94.64
7800 53.72 94.64
7800 53.54 94.64
3800 54.86 95.06
3800 54.98 95.06
3800 55.09 95.06
3800 55.76 95.06
3800 54.22 95.06
3800 55.54 95.06
3800 55.26 95.06
7800 54.43 94.64
7800 54.53 94.64
7800 54.17 94.64
7800 55.40 94.64
7800 54.60 94.64
7800 55.40 94.64
7800 55.48 95.44
7800 55.22 95.44
7800 53.96 95.44
7800 54.20 95.44
7800 55.22 95.44
7800 55.22 95.44
7800 55.50 94.64
7800 55.00 95.68
7800 56.24 95.06
3800 55.65 95.06
100 45.79 87.92
200 54.64 93.94
300 55.48 95.07
400 56.76 94.90
500 56.59 95.46
600 56.33 94.83
700 56.41 95.23
800 54.88 94.48
900 55.60 94.43
1000 53.40 93.53
1100 56.07 94.87
1200 56.06 94.75
100 46.55 87.87
200 54.88 94.02
300 55.63 95.10
400 56.75 94.91
500 56.92 95.90
600 56.34 94.94
700 56.17 95.10
800 55.37 94.71
900 55.79 94.36
1000 54.63 93.32
1100 55.35 94.62
1200 56.67 95.09
1300 56.11 94.70
1400 55.13 94.72
1500 54.55 94.87
1600 56.28 95.54
1700 55.93 95.12
1800 55.84 94.75
1900 55.00 95.06
2000 56.16 95.48
2100 55.51 95.09
2200 51.83 93.75
2300 55.02 94.78
2400 56.77 95.51
2500 55.70 95.41
2600 55.56 95.31
2700 55.59 95.29
2800 53.67 94.75
2900 54.85 95.24
100 46.40 87.95
200 54.27 93.88
300 54.55 95.01
400 56.80 95.29
500 56.91 95.71
600 55.77 94.99
700 56.72 95.53
800 55.97 95.13
900 54.66 93.98
1000 54.65 94.07
1100 54.86 94.60
1200 56.73 95.88
1300 56.14 95.04
1400 57.25 96.06
1500 56.01 95.35
1600 53.26 94.55
1700 53.70 94.57
1800 55.48 95.27
1900 54.19 95.13
2000 56.47 95.53
2100 55.70 95.32
100 46.17 88.17
200 54.51 93.90
300 53.51 95.16
400 56.42 95.87
500 57.44 95.48
600 56.59 95.89
700 56.45 95.33
800 57.27 95.30
900 55.51 94.04
1000 56.41 94.53
1100 55.33 94.61
1200 57.39 96.14
1300 56.67 95.50
1400 57.11 95.92
1500 55.59 95.22
1600 53.57 94.62
1700 54.38 95.11
1800 56.73 95.69
1900 54.17 94.81
2000 55.82 95.37
2100 56.63 95.62
2200 57.03 96.14
2300 55.30 94.91
2400 56.68 95.89
2500 56.65 95.91
2600 55.97 95.61
2700 55.97 95.34
100 45.91 88.02
200 54.29 93.84
300 53.73 95.14
400 57.03 95.91
500 57.76 95.62
600 56.13 95.71
700 56.73 95.19
800 56.96 95.01
900 55.47 93.92
1000 56.49 94.65
1100 55.91 94.97
1200 56.83 95.55
1300 56.53 95.94
1400 56.86 95.91
1500 54.62 94.88
1600 55.86 95.36
1700 55.02 95.31
1800 56.35 95.50
1900 53.45 95.16
100 46.40 87.95
200 54.27 93.88
300 54.55 95.01
400 56.80 95.29
500 56.91 95.71
100 1.82 5.73
200 1.86 5.86
300 1.89 5.97
400 1.92 6.11
500 1.98 6.22
600 2.06 6.35
100 0.00 81.50
200 52.24 90.40
300 52.70 92.72
400 54.91 93.92
500 55.66 94.53
600 56.34 95.33
700 56.96 95.41
800 57.02 95.69
900 57.03 95.59
1000 56.70 95.49
1100 57.54 95.62
1200 57.43 95.67
1300 56.56 95.53
1400 56.88 95.44
1500 57.40 95.45
1600 56.36 94.61
1700 56.88 94.99
1800 56.97 94.93
1900 57.08 94.71
2000 56.97 95.02
2100 56.80 95.17
2200 56.30 94.87
2300 56.84 94.67
2400 56.22 94.81
2500 56.28 94.79
2600 56.87 94.84
2700 56.36 95.11
2800 56.70 95.42
2900 55.93 94.93
3000 56.40 94.95
3100 55.73 94.96
3200 56.85 95.13
3300 56.33 95.22
3400 57.33 95.34
100 0.00 81.49
200 51.83 90.41
300 52.59 92.63
400 54.81 93.87
500 55.87 94.48
600 56.15 95.07
700 56.91 95.09
800 56.67 95.21
900 56.89 95.18
1000 56.65 94.94
1100 57.57 95.34
1200 57.59 95.69
1300 57.15 95.48
1400 56.27 95.29
1500 56.16 95.37
1600 55.88 94.86
1700 55.81 94.93
1800 55.43 94.58
1900 55.65 94.84
100 0.00 81.81
200 52.09 90.54
300 52.36 92.97
400 54.60 94.21
500 55.65 94.94
600 55.70 95.60
700 56.03 95.73
800 55.61 96.15
900 56.05 96.04
1000 56.09 96.20
1100 56.13 96.23
1200 55.74 96.38
100 0.00 81.74
200 52.23 90.48
300 52.72 92.85
400 54.55 94.18
500 55.40 94.85
600 56.23 95.56
700 56.18 95.71
800 56.16 96.07
900 56.49 96.07
1000 56.15 96.19
1100 56.77 96.24
1200 56.21 96.30
1300 56.30 96.30
1400 57.26 96.48
1500 57.37 96.48
1600 57.24 96.45
1700 56.88 96.44
1800 57.09 96.48
1900 56.43 96.50
2000 56.84 96.50
100 0.00 81.41
200 52.04 90.32
300 53.25 92.38
400 55.00 93.46
500 56.21 93.91
600 56.04 94.54
700 56.64 94.51
800 56.47 94.77
900 56.37 94.50
1000 55.95 94.69
1100 55.90 94.84
1200 56.32 95.00
1300 55.66 94.64
1400 55.84 94.94
1500 55.34 94.60
1600 54.73 93.61
1700 54.63 94.13
1800 54.55 93.85
1900 54.93 93.97
2000 55.10 94.11
2100 54.73 94.49
2200 54.71 93.92
100 0.00 81.33
200 51.97 90.27
300 52.97 92.34
400 54.67 93.44
500 56.19 93.92
600 56.04 94.54
700 56.60 94.51
800 56.49 94.79
900 56.52 94.50
1000 55.93 94.69
1100 55.95 94.82
1200 56.16 95.03
1300 55.86 94.73
1400 56.01 94.92
1500 55.70 94.51
1600 55.04 93.81
1700 55.09 94.35
1800 55.22 94.04
1900 55.56 94.01
2000 55.37 94.35
2100 55.15 94.50
2200 55.01 94.12
2300 54.90 94.05
2400 55.20 94.24
2500 55.34 94.43
2600 55.76 94.83
2700 56.42 95.02
2800 55.91 94.90
2900 55.49 94.62
3000 55.14 94.66
3100 54.31 94.47
3200 55.68 94.70
100 0.00 84.51
200 53.88 92.03
300 54.62 94.32
400 56.74 95.00
500 56.61 95.25
600 56.59 95.77
700 56.74 95.72
800 56.60 95.76
100 1.63 5.86
200 1.78 6.72
300 2.12 7.58
400 2.52 8.92
500 3.03 10.57
600 3.47 12.48
700 4.09 14.15
800 4.86 16.12
900 5.66 18.15
1000 6.54 20.07
1100 7.37 22.40
1200 8.35 24.18
1300 0.00 26.50
1400 10.95 29.02
1500 0.00 31.35
1600 13.44 34.09
1700 14.81 36.35
1800 16.17 38.75
1900 17.75 41.32
2000 18.99 43.52
2100 20.29 45.86
2200 21.48 47.88
2300 22.77 50.58
2400 23.85 52.68
2500 25.17 55.00
2600 26.64 56.97
2700 27.47 59.00
2800 0.00 60.81
2900 0.00 62.06
3000 0.00 63.56
3100 31.99 64.52
3200 33.00 65.72
3300 34.11 66.54
3400 35.23 67.37
3500 35.69 68.23
3600 36.36 68.94
3700 36.78 69.65
3800 37.28 70.35
3900 38.02 71.23
4000 38.03 71.69
4100 38.66 72.29
4200 38.89 72.89
4300 39.46 73.28
4400 39.92 73.68
4500 40.10 74.02
4600 40.63 74.77
4700 41.05 75.44
4800 41.22 75.79
4900 41.50 76.28
5000 41.78 76.70
5100 42.20 77.03
5200 42.64 77.34
5300 42.91 77.73
5400 43.61 78.06
5500 43.83 78.35
5600 43.94 78.70
5700 44.40 79.19
5800 44.49 79.34
5900 44.86 79.65
6000 44.93 79.92
6100 44.95 80.30
6200 45.35 80.63
6300 45.19 80.81
6400 45.42 81.12
6500 45.64 81.49
6600 45.64 81.84
6700 45.94 82.21
6800 46.03 82.31
6900 46.07 82.44
7000 46.20 82.50
7100 46.38 82.52
7200 46.42 82.44
7300 46.71 82.53
7400 46.85 82.69
7500 46.89 82.82
7600 47.07 82.91
7700 47.16 83.02
7800 47.16 83.20
7900 47.64 83.57
800 40.79 95.76
800 31.37 95.76
800 30.60 95.76
800 24.18 95.76
800 26.11 95.76
100 0.36 5.69
200 0.35 5.78
300 0.36 5.84
400 0.36 5.89
500 0.37 5.95
600 0.37 6.00
700 0.37 6.07
100 21.67 89.56
200 24.58 93.06
300 25.29 94.76
400 25.75 95.32
500 25.33 95.23
600 24.89 95.20
700 25.16 95.66
800 24.98 95.18
900 24.52 94.56
1000 24.35 94.30
1100 23.94 93.74
1200 24.20 93.80
1300 24.40 94.35
1400 24.39 94.33
50 nan 90.65
100 nan 97.12
50 16.51 90.65
100 19.97 97.12
150 19.60 98.22
200 20.50 98.79
50 18.14 90.65
100 22.28 97.12
150 22.30 98.22
200 23.30 98.79
250 22.38 98.68
300 22.73 98.95
350 23.84 98.98
400 23.59 98.88
450 23.37 98.96
500 23.12 98.84
550 23.22 98.89
600 23.06 98.93
650 22.05 98.77
700 20.20 98.58
750 19.78 98.65
800 20.69 98.77
850 18.79 98.57
900 17.93 98.47
950 19.40 98.74
1000 18.86 98.45
1050 18.50 98.71
1100 19.03 98.64
1150 17.45 98.51
1200 18.22 98.51
1250 17.96 98.82
1300 18.19 98.83
1350 17.55 98.65
1400 17.80 98.74
1450 17.25 98.46
1500 17.63 98.76
50 19.42 90.48
100 21.95 96.53
150 22.06 98.26
200 23.03 98.70
250 22.68 98.72
300 23.45 98.95
350 23.03 99.06
400 23.50 99.01
450 23.99 99.03
500 24.04 98.95
550 23.79 98.98
600 23.88 99.02
650 24.16 99.12
700 24.31 99.12
750 24.31 99.09
800 23.94 99.00
850 24.52 99.23
900 24.04 99.01
950 24.70 99.19
1000 24.45 99.15
1050 24.29 99.10
1100 24.45 99.05
1150 23.83 99.15
1200 24.07 98.97
1250 23.97 99.06
1300 23.74 99.06
1350 23.46 99.04
1400 23.07 99.02
1450 22.97 98.90
1500 22.36 99.04
1550 23.02 98.99
1600 22.08 98.90
1650 22.39 98.93
1700 22.07 98.95
1750 22.52 98.90
1800 22.28 98.89
1850 21.91 98.87
1900 22.08 98.89
1950 22.18 98.82
