500 42.61 36.39 26.49 17.94 11.82 96.35
1000 44.97 38.99 28.77 20.80 13.45 96.29
1500 48.21 41.59 31.63 23.54 16.38 96.40
500 42.21 35.75 25.96 17.48 11.06 96.13
1000 44.42 38.51 28.49 20.42 13.42 96.12
1500 48.29 41.76 31.01 23.10 16.06 96.33
2000 51.14 44.97 34.13 25.79 18.77 96.44
2500 51.80 47.18 36.20 27.33 20.20 96.44
3000 53.26 48.04 37.52 28.30 21.29 96.40
3500 54.48 49.40 38.40 29.41 21.99 96.41
4000 54.45 49.40 39.22 30.04 22.15 96.43
4500 55.02 49.89 39.74 30.55 22.56 96.31
5000 54.88 49.70 39.77 30.54 23.08 96.51
5500 55.39 50.20 40.14 30.68 22.93 96.41
6000 55.47 50.58 40.07 31.02 22.94 96.42
6500 55.61 50.37 40.29 31.20 23.20 96.61
7000 55.57 50.46 39.98 31.52 23.41 96.36
7500 55.79 50.71 40.56 31.70 23.86 96.44
8000 55.79 51.08 40.52 31.96 24.38 96.35
8500 55.17 50.75 39.84 31.61 23.76 96.30
9000 55.41 51.19 40.62 31.95 24.03 96.50
9500 54.98 50.71 40.42 31.88 24.02 96.41
10000 55.79 51.46 41.21 32.52 24.41 96.48
10500 56.07 51.89 41.25 32.50 24.39 96.59
11000 55.69 51.41 39.98 31.96 24.47 96.48
11500 55.84 51.44 40.80 32.30 24.46 96.50
12000 54.86 50.64 40.37 32.14 24.44 96.14
12500 56.35 51.95 40.91 32.46 24.84 96.31
13000 55.26 51.00 39.98 32.01 24.56 96.36
13500 55.93 51.62 40.50 32.33 25.25 96.50
14000 55.20 51.19 40.24 32.15 25.07 96.19
14500 55.44 51.18 40.27 32.33 24.81 96.38
15000 55.13 50.70 39.93 32.02 24.89 96.21
15500 55.24 51.01 39.90 32.04 24.54 96.29
16000 55.46 51.43 40.46 32.39 25.21 96.46
16500 55.38 51.08 40.60 32.22 24.82 96.30
17000 55.95 51.69 40.96 32.27 25.05 96.29
17500 55.27 51.24 41.26 32.60 25.21 96.28
18000 55.40 51.22 40.96 32.46 25.17 96.57
18500 54.57 50.77 40.16 32.33 24.91 96.21
19000 55.19 51.09 40.44 32.47 24.92 95.89
19500 55.13 51.03 40.26 32.38 24.86 95.60
20000 55.22 51.19 40.54 32.34 24.97 96.04
20500 54.94 51.05 40.32 32.47 24.93 96.18
21000 54.63 50.79 40.74 32.59 24.91 96.21
21500 54.84 50.70 40.23 32.17 24.95 96.21
22000 54.95 50.95 40.56 32.74 25.13 96.37
22500 54.87 50.80 39.84 32.35 24.95 96.03
23000 54.49 50.60 40.13 32.11 24.90 96.05
23500 55.29 51.28 40.69 32.36 24.92 95.84
24000 55.41 51.15 40.31 32.32 24.83 96.07
24500 54.25 50.38 39.65 31.63 24.32 96.28
25000 54.76 50.93 40.21 32.38 24.94 96.12
25500 55.06 50.90 40.57 32.56 25.15 96.20
26000 55.08 51.10 41.46 32.86 25.70 95.98
26500 55.11 51.02 40.70 32.33 25.00 95.95
27000 55.35 51.23 40.80 32.39 25.22 96.19
27500 55.54 51.50 40.90 32.64 24.94 96.21
28000 55.06 51.00 41.30 32.87 25.04 96.18
28500 55.31 51.30 41.12 33.29 25.34 95.92
29000 54.36 50.70 40.28 32.31 24.98 95.73
29500 55.58 51.42 40.87 32.82 25.17 95.96
30000 55.37 51.30 41.37 32.88 25.17 96.05
30500 54.99 51.24 40.70 32.81 25.18 95.88
31000 54.95 51.14 40.73 32.62 25.18 95.89
31500 55.15 51.07 40.94 32.58 25.09 95.83
32000 55.17 51.21 41.01 32.57 24.94 95.66
50 35.47 29.51 20.52 13.12 8.08 85.84
50 0.00 0.00 0.00 0.00 0.00 83.52
100 38.52 31.44 21.58 13.76 7.98 93.30
150 40.08 32.68 22.89 14.73 8.76 94.67
200 40.35 32.60 23.44 15.23 9.26 95.88
50 38.58 32.26 22.93 15.42 9.94 95.47
200 37.74 31.73 22.26 14.94 9.35 95.28
400 37.97 31.86 22.09 14.68 9.37 95.33
600 37.52 31.35 21.86 14.31 9.18 95.89
800 37.68 31.37 21.82 14.56 9.36 95.16
1000 37.21 30.69 21.26 13.95 9.06 95.83
1200 37.81 31.56 22.07 14.47 9.47 96.18
1400 37.93 31.55 21.75 14.30 9.32 96.24
1600 37.82 31.51 21.98 14.43 9.50 96.09
1800 37.13 30.99 21.07 13.86 8.97 95.98
2000 37.97 31.39 22.20 14.98 9.66 96.39
2200 37.79 31.27 22.01 14.82 9.60 96.42
2400 37.35 30.65 21.40 14.36 9.06 96.25
2600 37.11 30.68 21.28 14.54 9.08 96.14
2800 37.90 31.23 21.94 15.03 9.54 96.29
3000 36.96 30.66 21.20 14.37 9.00 95.99
3200 38.11 31.36 22.35 15.34 9.59 96.36
3400 37.31 30.96 21.76 14.67 9.00 96.35
3600 38.16 31.70 22.06 15.06 9.24 96.44
3800 38.45 32.19 22.24 15.24 9.46 96.33
4000 39.01 32.58 22.84 15.58 9.77 96.46
4200 38.55 32.16 22.53 15.34 9.62 96.33
4400 38.89 32.64 22.84 15.54 9.73 96.45
4600 38.78 32.37 22.92 15.50 9.64 96.39
4800 37.77 31.39 21.70 14.47 8.79 95.81
5000 37.15 30.67 21.42 14.08 8.42 95.96
5200 38.75 32.02 22.75 15.07 9.33 96.14
5400 38.68 31.95 22.82 15.24 9.43 96.21
5600 38.95 32.30 23.07 15.32 9.50 96.38
5800 38.72 31.97 22.76 15.17 9.42 96.40
6000 39.18 32.35 23.15 15.43 9.49 96.19
6200 38.75 32.12 22.93 15.31 9.43 96.74
6400 38.15 31.60 21.73 14.57 9.16 96.28
6600 38.52 31.46 22.00 14.99 9.37 96.30
6800 38.92 32.09 22.14 15.05 9.49 96.57
7000 39.32 32.40 22.97 15.57 9.67 96.31
7200 39.06 32.29 22.91 15.36 9.52 96.62
7400 38.32 31.64 21.74 14.49 9.02 95.09
7600 38.14 31.57 21.69 14.33 8.96 96.32
7800 38.83 32.29 22.64 14.92 9.25 96.32
8000 38.61 32.04 22.20 14.75 9.05 96.41
8200 39.59 32.65 22.77 15.13 9.28 96.29
8400 39.25 32.46 22.68 15.07 9.25 96.11
8600 39.26 32.64 22.82 14.82 9.26 96.23
8800 39.16 32.68 22.29 14.87 9.29 95.80
9000 39.21 32.56 22.66 15.01 9.38 96.12
9200 37.45 31.29 21.35 13.34 7.90 96.34
9400 38.85 32.08 22.92 14.76 9.03 96.20
9600 38.54 31.87 22.76 14.60 8.65 96.09
9800 39.43 32.53 23.08 14.96 9.50 96.20
10000 39.67 32.87 23.03 15.04 9.60 96.16
10200 39.79 32.95 23.22 15.02 9.55 96.18
10400 39.69 32.78 23.29 15.15 9.44 96.25
10600 39.48 32.68 23.22 15.05 9.76 96.22
10800 39.17 32.50 22.90 15.03 9.21 96.17
11000 38.83 32.30 22.27 14.55 9.01 95.21
11200 40.12 33.33 22.83 15.19 9.35 96.15
11400 39.80 33.05 22.98 14.86 9.14 95.77
11600 39.55 33.02 23.09 15.02 9.20 96.04
11800 38.78 32.53 22.43 14.63 9.15 96.09
12000 37.88 31.26 21.26 13.45 7.89 95.66
12200 37.83 31.60 21.76 13.75 8.41 95.46
12400 37.96 31.80 21.96 13.89 8.60 94.97
12600 38.52 32.52 22.35 14.27 8.75 95.76
12800 38.99 32.47 22.86 14.75 9.04 95.86
13000 39.01 32.65 22.56 14.60 9.00 95.44
13200 38.68 32.12 22.40 14.38 8.88 95.18
13400 38.82 32.54 22.73 14.47 8.99 94.90
13600 37.95 31.63 21.02 13.50 8.28 95.82
13800 38.31 32.25 22.04 13.89 8.71 95.40
14000 39.04 32.49 22.17 14.31 8.94 95.86
14200 38.89 32.40 22.15 14.19 9.00 95.18
14400 38.13 31.75 21.10 13.04 8.03 95.37
14600 38.38 31.92 21.35 13.94 8.51 96.20
14800 38.85 32.59 21.97 14.21 9.17 95.74
15000 39.39 32.94 22.22 14.42 9.43 95.70
15200 39.80 33.26 22.82 14.83 9.64 95.46
50 9.31
100 11.97
150 13.77
200 15.35
250 17.71
300 20.37
350 24.62
400 27.53
450 30.76
500 35.46
550 39.41
600 41.86
650 45.75
700 48.08
750 50.67
800 54.56
850 57.00
900 61.66
950 64.69
1000 68.28
1050 71.05
1100 72.98
1150 75.10
1200 75.69
1250 77.56
1300 79.88
1350 80.87
1400 81.51
1450 82.36
1500 83.28
1550 83.90
1600 84.59
1650 85.23
1700 86.03
1750 86.13
1800 86.33
1850 86.77
1900 87.19
1950 87.41
2000 88.32
2050 88.27
2100 88.63
2150 88.66
2200 88.81
2250 89.19
2300 89.41
2350 89.89
2400 90.03
2450 90.13
2500 90.19
2550 90.68
2600 91.23
2650 91.37
2700 91.50
2750 91.99
2800 92.06
2850 91.91
2900 91.83
2950 92.42
3000 92.31
3050 92.56
3100 93.15
3150 93.04
3200 93.01
3250 93.63
3300 93.63
3350 93.40
3400 93.28
3450 93.41
3500 93.81
3550 94.15
3600 94.18
3650 94.24
3700 94.12
3750 94.44
3800 94.31
50 94.21
100 94.41
150 94.56
100 34.62 28.67 18.28 11.34 6.78 94.32
150 34.53 28.73 18.24 11.33 6.76 94.33
50 10.00
100 10.10
150 9.99
200 9.80
250 9.66
300 9.65
350 9.60
50 8.39
100 7.20
150 7.15
200 7.83
250 7.83
300 7.79
350 7.84
400 7.84
450 7.82
500 7.80
550 7.82
600 7.82
650 7.79
700 7.78
750 7.75
50 9.21
100 9.22
50 9.16
100 9.52
150 9.57
200 8.89
250 8.98
300 8.57
50 8.11
100 13.06
150 16.08
200 19.10
250 20.64
300 23.63
350 23.14
400 35.45
450 31.88
500 46.51
550 37.57
600 43.17
650 41.83
700 50.92
700 48.03
750 52.60
800 50.44
850 48.76
900 50.54
950 58.47
1000 51.47
1050 50.40
1100 54.61
1150 55.75
1200 66.11
1250 69.63
1300 66.10
1350 68.60
1400 64.94
1450 75.76
1500 66.89
1500 66.98
1550 70.03
1600 70.78
1650 74.62
1700 74.79
1750 77.21
1800 75.00
1850 76.11
1900 78.03
1900 76.21
1950 71.36
2000 70.91
2050 72.19
2100 76.23
2150 80.61
2200 74.08
2250 77.66
2300 77.26
2350 72.67
2400 75.75
2450 75.70
2500 74.48
2550 78.19
2600 74.77
2650 75.08
2700 78.58
2750 75.63
2800 78.13
2850 78.82
2900 80.12
2950 67.94
3000 76.97
3050 75.67
3100 72.91
3150 73.33
3200 76.51
3250 75.93
3300 75.91
3350 75.30
3400 77.70
3450 78.51
3500 79.56
3550 79.07
3600 79.28
3650 77.33
3700 79.44
3700 8.00
3750 8.00
50 8.00
100 7.82
150 8.53
200 8.04
250 7.35
300 7.83
350 8.44
400 8.37
450 7.61
500 15.77
550 35.89
600 35.03
650 37.55
700 42.84
750 51.27
800 44.77
850 62.79
900 69.92
950 70.16
1000 61.44
1050 70.27
1100 69.94
1100 68.93
1150 77.44
1200 73.87
1250 75.54
1300 78.22
1350 79.29
1400 75.93
1450 79.14
1500 76.57
1550 75.16
1600 76.07
1650 74.52
1700 75.20
1750 73.66
1800 78.48
1850 72.77
1900 76.43
1950 75.98
2000 75.50
2050 78.24
2100 75.99
2150 78.43
2200 82.53
2250 75.68
2300 75.27
2350 76.18
2400 77.56
2450 80.74
2500 78.49
2550 77.82
2600 78.13
2650 75.27
2700 77.04
2750 74.41
2800 76.08
50 7.00
100 7.11
150 7.77
200 7.92
250 7.72
300 8.38
350 8.34
400 8.30
450 8.45
500 9.56
550 8.14
600 11.69
650 8.00
700 8.00
750 8.00
800 8.00
850 7.84
900 7.15
900 7.37
950 8.68
1000 8.33
1050 8.81
1100 8.35
1150 8.63
1200 8.80
1250 9.13
1300 13.12
1350 10.92
1400 17.68
1450 14.48
1500 21.54
1550 38.00
1600 31.52
1650 39.37
1700 40.60
1750 47.92
1800 44.36
1850 43.20
1900 44.79
1950 52.43
2000 48.98
2050 51.81
2100 56.87
2150 61.67
2200 58.14
2250 74.12
2300 62.82
2350 63.32
2400 64.23
2450 64.75
2500 63.74
2550 64.68
2600 70.82
2650 66.33
2700 72.68
2750 73.29
2800 73.68
2850 74.23
2900 74.65
2950 68.04
3000 76.59
3050 74.18
3100 70.84
3150 74.48
3200 69.58
3250 71.42
3300 74.55
3350 81.78
3400 64.23
