50 28.10
100 30.20
150 31.46
200 32.03
50 22.10
100 30.65
150 29.85
50 24.24
100 26.59
150 27.24
200 28.95
250 28.11
300 30.50
350 29.00
400 30.00
450 31.07
500 31.51
550 31.61
600 31.31
650 30.51
700 32.01
750 30.96
800 31.69
850 31.12
900 30.78
950 30.90
1000 32.24
1050 31.30
1100 32.87
1150 29.78
1200 29.74
1250 30.00
1300 32.13
1350 31.75
1400 31.43
1450 31.07
1500 31.89
1550 32.07
1600 32.37
1650 31.11
1700 32.51
1750 31.99
1800 31.71
1850 32.18
1900 32.35
1950 32.37
2000 30.39
2050 30.44
2100 29.91
2150 29.83
2200 30.38
2250 29.08
2300 29.34
2350 29.51
2400 28.64
2450 31.34
2500 31.29
2550 30.29
2600 31.40
2650 31.40
2700 31.23
2750 29.45
2800 30.94
2850 29.13
2900 29.52
2950 30.97
3000 30.53
3050 29.93
3100 29.97
3150 30.16
3200 30.19
3250 28.75
3300 29.16
3350 29.97
3400 30.29
3450 30.27
3500 30.18
3550 30.42
3600 30.65
3650 31.13
3700 32.64
3750 29.40
3800 31.10
3850 30.78
3900 31.22
3950 29.56
4000 29.89
4050 30.57
4100 29.00
4150 26.84
4200 27.91
4250 29.22
4300 28.93
4350 28.30
4400 28.92
4450 29.05
4500 29.90
50 33.01
100 32.93
150 32.71
200 33.03
250 33.28
300 33.23
350 33.04
400 33.48
450 32.76
500 34.47
550 34.78
600 32.86
650 33.56
700 32.68
750 32.58
800 31.71
50 29.11
100 30.72
50 28.21
50 30.19
100 29.89
150 32.35
200 32.81
250 30.52
300 32.12
350 31.37
400 31.83
450 31.06
500 33.35
550 32.42
600 32.44
650 33.12
700 32.52
750 32.34
800 31.60
850 33.15
900 32.23
50 30.26
50 28.75
50 30.02
100 30.14
150 30.05
200 32.07
250 31.68
300 31.22
350 32.59
400 32.45
450 31.19
500 32.58
500 28.11
550 27.25
600 28.01
650 26.73
700 29.86
750 25.43
700 30.10
50 9.63
100 10.62
150 11.83
200 12.96
250 14.04
300 15.44
350 16.87
400 17.77
450 18.75
500 19.90
550 20.43
600 21.10
650 21.81
700 22.71
750 23.16
800 23.12
850 24.04
900 24.16
950 24.77
1000 25.07
1050 25.51
1100 25.65
1150 26.23
1200 26.75
1250 26.97
1300 27.32
1350 27.05
1400 27.47
1450 27.65
1500 28.07
1550 28.49
1600 28.51
1650 28.36
1700 28.93
1750 29.22
1800 28.97
1850 29.11
1900 29.21
1950 29.66
2000 29.52
2050 29.60
2100 29.68
2150 29.97
2200 30.01
2250 30.08
2300 30.22
2350 30.08
2400 30.22
2450 30.06
2500 30.23
2550 30.37
2600 30.41
2650 30.53
2700 30.60
2750 30.28
2800 30.50
2850 30.47
2900 30.44
2950 30.89
3000 30.99
3050 30.67
3100 30.90
3150 30.98
3200 30.89
3250 31.25
3300 31.20
3350 31.20
50 19.76
100 25.49
50 9.69
50 9.37
100 11.41
50 9.83
100 10.64
150 11.55
200 12.63
250 14.14
300 15.23
350 16.48
400 17.54
450 18.26
500 19.83
550 20.58
600 21.29
650 21.98
700 22.61
750 22.76
800 23.43
850 23.77
900 24.13
950 24.92
1000 25.12
1050 25.29
1100 25.50
1150 25.79
1200 26.15
1250 26.76
1300 27.11
1350 27.32
1400 27.60
1450 27.73
1500 27.72
1500 27.73
1550 27.86
1600 27.83
1650 28.47
1700 28.59
1750 28.80
1800 29.01
1850 29.33
1900 29.31
1950 29.37
2000 29.48
2050 29.45
2100 29.50
2150 29.58
2200 29.71
2250 29.51
2300 29.71
2350 29.84
2400 30.01
2450 30.06
2500 30.16
2550 30.17
2600 30.40
2650 30.24
2700 30.53
2750 30.77
2800 30.85
2850 30.89
2900 30.88
2900 30.85
2950 31.05
3000 31.07
3050 31.08
3100 30.96
3150 30.81
3200 31.10
3250 31.01
3300 31.02
3350 31.14
3400 30.95
3450 30.96
3500 30.98
3550 31.08
3600 31.11
3650 31.05
3700 31.01
3750 31.04
3800 31.39
3850 31.31
3900 31.40
3950 31.26
4000 31.37
4050 31.35
4100 31.47
4150 31.60
4200 31.47
4250 31.57
4300 31.48
4350 31.49
4400 31.53
4450 31.35
4500 31.35
4550 31.25
4600 31.23
4650 31.45
4700 31.54
4750 31.62
4800 31.75
4850 31.66
4900 31.59
4950 31.66
5000 31.52
5050 31.49
5100 31.53
5150 31.62
5100 31.44
5150 31.85
5200 31.80
5250 31.39
5300 31.84
5350 31.61
5400 32.72
5450 32.28
5500 32.55
5550 32.44
5600 32.52
5650 32.88
5700 32.70
5750 33.20
5800 32.92
5850 33.17
5900 33.08
5950 32.65
6000 32.52
6050 33.62
6100 32.72
6150 32.78
6200 31.98
6250 32.72
6300 32.76
6350 32.41
6400 32.31
6450 32.56
6500 32.55
6550 33.10
6600 33.77
6650 32.23
50 8.72
100 8.64
150 8.78
50 8.75
50 9.47
100 10.03
150 10.39
200 10.36
250 11.03
50 19.10
100 22.70
150 27.56
200 28.62
250 30.74
300 31.37
350 31.59
400 32.67
450 32.09
500 33.15
550 31.81
600 31.80
650 31.37
600 31.77
650 31.97
700 31.73
750 32.10
800 32.07
850 32.37
900 32.08
950 32.45
1000 32.33
1050 32.36
1100 32.35
1150 31.89
1200 32.57
1250 32.67
1300 32.95
1350 32.81
1400 32.22
1400 32.22
1450 32.38
1500 32.32
1550 32.24
1600 32.22
1650 32.39
1700 32.36
50 14.16
100 18.55
150 21.71
200 25.57
250 26.61
300 28.27
350 28.18
400 29.60
450 30.14
500 31.12
550 31.04
600 30.62
650 31.27
700 31.24
750 32.29
800 32.32
850 32.60
900 32.97
950 33.06
1000 32.69
1050 32.77
1100 32.47
1150 32.69
1200 32.07
1250 31.51
1300 32.30
1350 33.06
1400 32.59
1450 31.98
1500 32.02
1550 31.31
1600 31.19
1650 31.18
1700 31.54
1750 32.52
1800 32.03
1850 31.88
1900 32.19
1950 32.17
2000 32.18
2050 33.10
2100 32.41
2100 32.15
2150 32.34
2200 32.22
2250 32.22
2300 32.44
2350 32.73
2400 32.73
2450 32.49
2500 32.60
2550 32.81
2600 32.12
2650 32.23
2700 32.14
2750 32.05
2800 32.14
2850 32.01
2900 32.00
2950 31.97
3000 32.23
3050 32.02
3100 32.06
3150 32.21
3200 32.09
3250 32.09
3300 32.07
3350 32.04
3400 31.87
3450 32.02
3500 31.97
3550 32.01
3600 32.08
3650 31.95
3700 32.00
3750 32.11
3800 31.93
3850 31.97
3900 32.03
3950 32.27
4000 32.02
4050 31.93
4100 31.96
4150 31.99
4200 32.12
4250 32.00
4300 32.05
4350 32.09
50 11.58
100 12.17
150 12.99
200 14.40
250 15.71
300 15.25
350 15.58
400 17.37
450 17.61
500 17.18
550 18.06
600 16.69
650 18.50
700 19.33
750 20.52
800 22.02
850 19.90
900 19.54
950 18.78
1000 18.24
1050 18.01
1100 17.09
1150 18.36
1200 19.45
1250 21.63
1300 20.05
1350 18.89
1400 20.18
1450 20.45
1500 20.94
1550 20.71
1600 21.25
1650 20.47
1700 22.15
1750 22.17
1800 22.66
1850 23.63
1900 20.26
1950 20.83
2000 22.27
2050 21.80
2100 21.15
2150 22.10
2200 23.18
2250 20.83
2300 22.08
2350 23.69
2400 22.42
2450 24.43
2500 24.03
2550 23.74
2600 23.19
2650 23.19
2700 26.05
2750 26.65
2800 23.43
2850 23.07
2900 22.91
2950 24.15
3000 24.90
3050 25.72
3100 24.38
3150 24.10
3200 27.11
3250 25.83
3300 25.78
3350 24.50
3400 26.84
3450 22.52
3500 25.29
3550 27.42
3600 23.56
3650 25.43
3700 25.14
3750 26.60
3800 25.36
3850 24.44
3900 26.02
3950 26.67
4000 24.83
4050 25.34
4100 26.57
4150 24.63
4200 24.91
4250 24.39
4300 25.56
4350 25.36
4400 26.29
4450 25.27
4500 27.34
4550 28.98
4600 24.90
4650 26.52
4700 31.01
4750 28.90
4800 25.47
4850 28.44
4900 27.83
4950 30.20
5000 30.49
5050 31.21
5100 28.10
5150 29.91
5200 27.91
5250 29.95
5300 30.56
5350 31.02
5400 29.89
5450 29.29
5500 30.62
5550 27.95
5600 28.42
5650 27.55
5700 28.46
5750 31.83
5800 29.08
5850 28.86
5900 27.19
5950 25.83
6000 29.12
6050 29.43
6100 29.65
6150 28.52
6200 28.34
6250 28.35
6300 28.68
6350 27.92
6400 28.65
6450 29.72
6500 28.49
6550 29.72
6600 25.91
6650 27.99
6700 29.13
6750 29.65
6800 30.60
6850 28.13
6900 28.27
6950 27.77
7000 28.41
7050 29.16
7100 28.35
7150 27.63
7200 29.35
7250 29.63
7300 26.20
7350 27.30
7400 29.55
7450 29.96
7500 28.41
7550 29.77
7600 26.84
7650 27.07
7700 28.53
7750 28.51
7800 27.50
7850 30.94
7900 30.36
7950 29.55
8000 28.23
8050 29.40
8100 30.14
8150 29.88
8200 30.12
8250 28.10
8300 28.66
8350 28.63
8400 28.63
8450 27.54
8500 30.27
8550 31.64
8600 28.82
8650 30.29
8700 29.23
8750 28.75
8800 28.49
8850 30.25
8900 30.37
8950 31.01
9000 31.41
9050 31.04
9100 29.85
9150 29.78
9200 30.36
9250 31.22
9300 30.14
9350 30.06
9400 28.28
9450 29.64
9500 26.41
9550 26.27
9600 29.36
9650 29.29
9700 29.74
9750 27.79
9800 28.27
50 11.15
100 11.15
150 11.22
200 11.26
250 11.25
300 11.41
350 11.39
400 11.52
450 11.49
500 11.53
550 11.55
600 11.61
650 11.72
700 11.82
750 11.82
800 11.82
850 11.84
900 11.85
950 11.87
1000 11.93
1050 11.94
1100 12.32
1150 12.31
1200 12.41
1250 12.26
1300 12.30
1350 12.31
1400 12.63
1450 12.34
1500 12.69
1550 12.60
1600 12.64
1650 12.65
1700 12.66
1750 12.66
1800 12.70
1850 12.43
1900 12.78
1950 12.62
2000 12.60
2050 12.76
2100 12.97
2150 12.90
2200 13.46
2250 13.51
2300 13.55
2350 13.24
2400 13.34
2450 13.70
2500 13.54
2550 14.54
2600 14.83
2650 14.53
2700 14.64
2750 14.67
2800 14.35
2850 14.92
2900 14.71
2950 14.86
3000 14.72
3050 15.15
3100 14.97
3150 14.50
3200 15.18
3250 15.42
3300 15.48
3350 15.32
3400 15.43
3450 15.97
3500 16.01
3550 16.08
3600 16.10
3650 16.17
3700 16.21
3750 16.55
3800 16.56
3850 16.93
3900 17.20
3950 15.70
4000 15.76
4000 16.46
4050 16.59
4100 16.17
4150 16.99
4200 16.91
4250 17.09
4300 16.02
4350 16.18
4400 16.13
50 16.41
100 25.53
150 22.65
50 23.56
100 23.23
150 22.05
200 28.63
250 28.79
300 26.78
350 28.86
50 15.31
100 20.98
150 18.16
200 25.72
250 26.54
300 25.67
350 29.15
400 28.34
450 28.77
500 28.58
550 29.98
600 25.69
650 25.55
700 30.67
750 29.70
800 27.79
850 29.23
900 30.17
950 32.21
1000 31.53
1050 30.32
1100 27.99
1150 29.77
1200 29.66
1250 30.44
1300 31.55
1350 27.77
1400 30.31
1450 29.80
1500 29.97
1550 28.59
1600 31.37
1650 31.77
1700 32.15
1700 30.69
1750 33.25
1800 29.46
1850 30.92
1900 29.62
1950 31.17
2000 33.59
2050 30.04
2100 32.95
2150 31.55
2200 32.05
2250 33.61
2300 32.16
2350 30.67
2400 30.33
2450 30.67
2500 31.00
2550 32.49
2600 32.12
2650 32.43
2700 30.96
2750 31.28
2800 32.51
2850 31.01
2900 31.69
2950 32.51
3000 31.72
3050 31.41
3100 31.91
3150 30.90
3200 31.27
3250 30.29
3300 33.41
3350 30.62
3400 30.56
3450 31.66
3500 28.54
3550 32.10
3600 32.34
3650 31.01
3700 30.98
3750 33.87
3800 31.15
3850 34.10
3900 30.85
3950 30.67
4000 32.31
4050 31.91
4100 31.79
4150 28.64
4200 30.22
4250 29.93
4300 31.09
4350 30.52
4400 31.76
4450 29.39
4500 31.04
4550 30.56
4600 30.42
4650 31.33
4700 31.16
4750 29.11
4800 32.56
4850 32.20
4900 28.86
4950 30.03
5000 32.59
5050 30.63
5100 26.15
5150 28.77
